mode: set
github.com/careyjames/dns-scout/clients/api_token.go:13.48,15.24 2 1
github.com/careyjames/dns-scout/clients/api_token.go:15.24,17.3 1 1
github.com/careyjames/dns-scout/clients/api_token.go:18.2,18.20 1 1
github.com/careyjames/dns-scout/clients/api_token.go:18.20,21.3 2 0
github.com/careyjames/dns-scout/clients/api_token.go:22.2,22.17 1 1
github.com/careyjames/dns-scout/color/color.go:6.33,8.2 1 1
github.com/careyjames/dns-scout/color/color.go:11.31,13.2 1 1
github.com/careyjames/dns-scout/color/color.go:16.31,18.2 1 1
github.com/careyjames/dns-scout/color/color.go:21.30,23.2 1 1
github.com/careyjames/dns-scout/main.go:19.13,22.43 2 0
github.com/careyjames/dns-scout/main.go:22.43,25.3 2 0
github.com/careyjames/dns-scout/main.go:26.2,38.16 5 0
github.com/careyjames/dns-scout/main.go:38.16,39.13 1 0
github.com/careyjames/dns-scout/main.go:41.2,44.6 4 0
github.com/careyjames/dns-scout/main.go:44.6,48.17 4 0
github.com/careyjames/dns-scout/main.go:48.17,49.9 1 0
github.com/careyjames/dns-scout/main.go:51.3,51.22 1 0
github.com/careyjames/dns-scout/main.go:51.22,53.4 1 0
github.com/careyjames/dns-scout/main.go:54.3,59.46 6 0
github.com/careyjames/dns-scout/main.go:63.74,64.11 1 0
github.com/careyjames/dns-scout/main.go:64.11,73.3 8 0
github.com/careyjames/dns-scout/main.go:74.2,75.20 2 0
github.com/careyjames/dns-scout/main.go:75.20,77.3 1 0
github.com/careyjames/dns-scout/dns_information/asn_info.go:15.22,17.2 1 1
github.com/careyjames/dns-scout/dns_information/asn_info.go:20.74,23.16 2 0
github.com/careyjames/dns-scout/dns_information/asn_info.go:23.16,25.3 1 0
github.com/careyjames/dns-scout/dns_information/asn_info.go:26.2,29.16 3 0
github.com/careyjames/dns-scout/dns_information/asn_info.go:29.16,31.3 1 0
github.com/careyjames/dns-scout/dns_information/asn_info.go:33.2,35.16 3 0
github.com/careyjames/dns-scout/dns_information/asn_info.go:35.16,37.3 1 0
github.com/careyjames/dns-scout/dns_information/asn_info.go:38.2,38.21 1 0
github.com/careyjames/dns-scout/dns_information/asn_info.go:42.54,44.16 2 0
github.com/careyjames/dns-scout/dns_information/asn_info.go:44.16,46.28 1 0
github.com/careyjames/dns-scout/dns_information/asn_info.go:46.28,48.4 1 0
github.com/careyjames/dns-scout/dns_information/asn_info.go:48.9,61.34 13 0
github.com/careyjames/dns-scout/dns_information/asn_info.go:61.34,63.5 1 0
github.com/careyjames/dns-scout/dns_information/asn_info.go:64.4,64.108 1 0
github.com/careyjames/dns-scout/dns_information/asn_info.go:66.8,68.3 1 0
github.com/careyjames/dns-scout/dns_information/dkim_info.go:25.62,27.36 2 1
github.com/careyjames/dns-scout/dns_information/dkim_info.go:27.36,28.28 1 0
github.com/careyjames/dns-scout/dns_information/dkim_info.go:28.28,30.4 1 0
github.com/careyjames/dns-scout/dns_information/dkim_info.go:32.2,32.16 1 1
github.com/careyjames/dns-scout/dns_information/dkim_info.go:36.34,39.45 3 1
github.com/careyjames/dns-scout/dns_information/dkim_info.go:39.45,41.17 2 1
github.com/careyjames/dns-scout/dns_information/dkim_info.go:41.17,42.13 1 0
github.com/careyjames/dns-scout/dns_information/dkim_info.go:42.13,44.5 1 0
github.com/careyjames/dns-scout/dns_information/dkim_info.go:45.4,46.25 2 0
github.com/careyjames/dns-scout/dns_information/dkim_info.go:46.25,48.41 2 0
github.com/careyjames/dns-scout/dns_information/dkim_info.go:48.41,50.6 1 0
github.com/careyjames/dns-scout/dns_information/dkim_info.go:50.11,52.6 1 0
github.com/careyjames/dns-scout/dns_information/dkim_info.go:53.10,55.5 1 0
github.com/careyjames/dns-scout/dns_information/dkim_info.go:56.9,57.13 1 1
github.com/careyjames/dns-scout/dns_information/dkim_info.go:57.13,59.5 1 1
github.com/careyjames/dns-scout/dns_information/dkim_info.go:62.2,62.24 1 1
github.com/careyjames/dns-scout/dns_information/dkim_info.go:65.40,67.2 1 1
github.com/careyjames/dns-scout/dns_information/dkim_info.go:69.38,70.48 1 1
github.com/careyjames/dns-scout/dns_information/dkim_info.go:70.48,72.3 1 1
github.com/careyjames/dns-scout/dns_information/dkim_info.go:73.2,73.14 1 1
github.com/careyjames/dns-scout/dns_information/dmarc.go:17.46,19.26 2 1
github.com/careyjames/dns-scout/dns_information/dmarc.go:19.26,21.3 1 1
github.com/careyjames/dns-scout/dns_information/dmarc.go:22.2,22.16 1 1
github.com/careyjames/dns-scout/dns_information/dmarc.go:22.16,24.3 1 0
github.com/careyjames/dns-scout/dns_information/dmarc.go:25.2,25.36 1 1
github.com/careyjames/dns-scout/dns_information/dmarc.go:25.36,26.29 1 1
github.com/careyjames/dns-scout/dns_information/dmarc.go:26.29,28.4 1 1
github.com/careyjames/dns-scout/dns_information/dmarc.go:30.2,30.16 1 1
github.com/careyjames/dns-scout/dns_information/dmarc.go:33.41,35.2 1 1
github.com/careyjames/dns-scout/dns_information/dmarc.go:38.35,40.17 2 1
github.com/careyjames/dns-scout/dns_information/dmarc.go:40.17,41.26 1 1
github.com/careyjames/dns-scout/dns_information/dmarc.go:41.26,44.4 2 1
github.com/careyjames/dns-scout/dns_information/dmarc.go:44.9,46.4 1 0
github.com/careyjames/dns-scout/dns_information/dmarc.go:47.8,49.3 1 1
github.com/careyjames/dns-scout/dns_information/dmarc.go:52.39,53.49 1 1
github.com/careyjames/dns-scout/dns_information/dmarc.go:53.49,55.3 1 1
github.com/careyjames/dns-scout/dns_information/dmarc.go:56.2,56.14 1 1
github.com/careyjames/dns-scout/dns_information/dmarc.go:60.71,61.28 1 1
github.com/careyjames/dns-scout/dns_information/dmarc.go:61.28,63.3 1 1
github.com/careyjames/dns-scout/dns_information/dmarc.go:65.2,66.28 2 1
github.com/careyjames/dns-scout/dns_information/dmarc.go:66.28,68.20 2 1
github.com/careyjames/dns-scout/dns_information/dmarc.go:68.20,70.4 1 0
github.com/careyjames/dns-scout/dns_information/dmarc.go:71.3,72.26 2 1
github.com/careyjames/dns-scout/dns_information/dmarc.go:74.2,75.24 2 1
github.com/careyjames/dns-scout/dns_information/dns_txt.go:12.46,14.2 1 1
github.com/careyjames/dns-scout/dns_information/dns_txt.go:17.59,19.16 2 1
github.com/careyjames/dns-scout/dns_information/dns_txt.go:19.16,21.3 1 1
github.com/careyjames/dns-scout/dns_information/dns_txt.go:22.2,22.26 1 1
github.com/careyjames/dns-scout/dns_information/dns_txt.go:22.26,24.17 2 1
github.com/careyjames/dns-scout/dns_information/dns_txt.go:24.17,26.4 1 1
github.com/careyjames/dns-scout/dns_information/dns_txt.go:28.2,28.24 1 1
github.com/careyjames/dns-scout/dns_information/dns_txt.go:32.33,34.18 2 1
github.com/careyjames/dns-scout/dns_information/dns_txt.go:34.18,36.30 2 1
github.com/careyjames/dns-scout/dns_information/dns_txt.go:36.30,39.4 2 1
github.com/careyjames/dns-scout/dns_information/dns_txt.go:40.8,42.3 1 1
github.com/careyjames/dns-scout/dns_information/ips.go:13.42,15.25 2 1
github.com/careyjames/dns-scout/dns_information/ips.go:15.25,17.3 1 1
github.com/careyjames/dns-scout/dns_information/ips.go:18.2,18.13 1 1
github.com/careyjames/dns-scout/dns_information/ips.go:22.37,24.18 2 1
github.com/careyjames/dns-scout/dns_information/ips.go:24.18,26.3 1 1
github.com/careyjames/dns-scout/dns_information/ips.go:26.8,28.3 1 1
github.com/careyjames/dns-scout/dns_information/mx_info.go:13.45,15.2 1 1
github.com/careyjames/dns-scout/dns_information/mx_info.go:18.32,20.48 2 0
github.com/careyjames/dns-scout/dns_information/mx_info.go:20.48,22.3 1 0
github.com/careyjames/dns-scout/dns_information/mx_info.go:22.8,24.3 1 0
github.com/careyjames/dns-scout/dns_information/ns_info.go:13.45,17.32 3 1
github.com/careyjames/dns-scout/dns_information/ns_info.go:17.32,19.3 1 1
github.com/careyjames/dns-scout/dns_information/ns_info.go:22.2,23.39 2 1
github.com/careyjames/dns-scout/dns_information/ns_info.go:23.39,25.3 1 1
github.com/careyjames/dns-scout/dns_information/ns_info.go:26.2,26.43 1 1
github.com/careyjames/dns-scout/dns_information/ns_info.go:26.43,28.3 1 1
github.com/careyjames/dns-scout/dns_information/ns_info.go:30.2,31.32 2 1
github.com/careyjames/dns-scout/dns_information/ns_info.go:31.32,33.3 1 1
github.com/careyjames/dns-scout/dns_information/ns_info.go:35.2,35.27 1 1
github.com/careyjames/dns-scout/dns_information/ns_info.go:39.32,41.17 2 1
github.com/careyjames/dns-scout/dns_information/ns_info.go:41.17,43.3 1 1
github.com/careyjames/dns-scout/dns_information/ns_info.go:43.8,45.3 1 0
github.com/careyjames/dns-scout/dns_information/ns_lookup.go:8.60,11.44 3 1
github.com/careyjames/dns-scout/dns_information/ns_lookup.go:11.44,13.3 1 1
github.com/careyjames/dns-scout/dns_information/ns_lookup.go:13.8,15.3 1 1
github.com/careyjames/dns-scout/dns_information/ns_lookup.go:16.2,16.21 1 1
github.com/careyjames/dns-scout/dns_information/ns_lookup.go:20.62,23.44 3 1
github.com/careyjames/dns-scout/dns_information/ns_lookup.go:23.44,25.3 1 1
github.com/careyjames/dns-scout/dns_information/ns_lookup.go:25.8,27.3 1 1
github.com/careyjames/dns-scout/dns_information/ns_lookup.go:28.2,28.21 1 1
github.com/careyjames/dns-scout/dns_information/ptr_info.go:13.46,21.16 2 1
github.com/careyjames/dns-scout/dns_information/ptr_info.go:21.16,23.3 1 1
github.com/careyjames/dns-scout/dns_information/ptr_info.go:25.2,26.25 2 1
github.com/careyjames/dns-scout/dns_information/ptr_info.go:26.25,28.17 2 1
github.com/careyjames/dns-scout/dns_information/ptr_info.go:28.17,29.12 1 1
github.com/careyjames/dns-scout/dns_information/ptr_info.go:31.3,31.43 1 1
github.com/careyjames/dns-scout/dns_information/ptr_info.go:33.2,33.24 1 1
github.com/careyjames/dns-scout/dns_information/ptr_info.go:37.44,39.18 2 1
github.com/careyjames/dns-scout/dns_information/ptr_info.go:39.18,41.30 1 1
github.com/careyjames/dns-scout/dns_information/ptr_info.go:41.30,42.38 1 1
github.com/careyjames/dns-scout/dns_information/ptr_info.go:42.38,44.5 1 1
github.com/careyjames/dns-scout/dns_information/ptr_info.go:47.3,49.26 3 1
github.com/careyjames/dns-scout/dns_information/ptr_info.go:49.26,51.4 1 0
github.com/careyjames/dns-scout/dns_information/ptr_info.go:51.9,54.4 1 1
github.com/careyjames/dns-scout/dns_information/ptr_info.go:55.8,56.27 1 1
github.com/careyjames/dns-scout/dns_information/ptr_info.go:56.27,59.4 1 0
github.com/careyjames/dns-scout/dns_information/ptr_info.go:59.9,61.4 1 1
github.com/careyjames/dns-scout/dns_information/ptr_info.go:65.30,68.2 2 1
github.com/careyjames/dns-scout/dns_information/ptr_info.go:70.39,73.18 3 1
github.com/careyjames/dns-scout/dns_information/ptr_info.go:73.18,75.3 1 0
github.com/careyjames/dns-scout/dns_information/ptr_info.go:76.2,76.39 1 1
github.com/careyjames/dns-scout/dns_information/ptr_info.go:79.52,80.24 1 1
github.com/careyjames/dns-scout/dns_information/ptr_info.go:80.24,81.31 1 1
github.com/careyjames/dns-scout/dns_information/ptr_info.go:81.31,83.4 1 0
github.com/careyjames/dns-scout/dns_information/ptr_info.go:85.2,85.14 1 1
github.com/careyjames/dns-scout/dns_information/query_dns.go:10.79,16.16 5 1
github.com/careyjames/dns-scout/dns_information/query_dns.go:16.16,18.3 1 1
github.com/careyjames/dns-scout/dns_information/query_dns.go:20.2,21.31 2 1
github.com/careyjames/dns-scout/dns_information/query_dns.go:21.31,22.26 1 1
github.com/careyjames/dns-scout/dns_information/query_dns.go:23.16,24.59 1 1
github.com/careyjames/dns-scout/dns_information/query_dns.go:25.16,26.59 1 1
github.com/careyjames/dns-scout/dns_information/query_dns.go:27.17,28.39 1 1
github.com/careyjames/dns-scout/dns_information/query_dns.go:31.2,31.21 1 1
github.com/careyjames/dns-scout/dns_information/registrar.go:17.41,19.16 2 1
github.com/careyjames/dns-scout/dns_information/registrar.go:19.16,21.3 1 1
github.com/careyjames/dns-scout/dns_information/registrar.go:22.2,23.16 2 1
github.com/careyjames/dns-scout/dns_information/registrar.go:23.16,25.3 1 0
github.com/careyjames/dns-scout/dns_information/registrar.go:26.2,26.29 1 1
github.com/careyjames/dns-scout/dns_information/registrar.go:26.29,28.3 1 1
github.com/careyjames/dns-scout/dns_information/registrar.go:29.2,29.21 1 0
github.com/careyjames/dns-scout/dns_information/registrar.go:33.49,36.31 2 1
github.com/careyjames/dns-scout/dns_information/registrar.go:36.31,38.3 1 1
github.com/careyjames/dns-scout/dns_information/registrar.go:38.8,39.51 1 1
github.com/careyjames/dns-scout/dns_information/registrar.go:39.51,41.4 1 1
github.com/careyjames/dns-scout/dns_information/spf_info.go:12.43,14.16 2 0
github.com/careyjames/dns-scout/dns_information/spf_info.go:14.16,16.3 1 0
github.com/careyjames/dns-scout/dns_information/spf_info.go:18.2,18.36 1 0
github.com/careyjames/dns-scout/dns_information/spf_info.go:18.36,19.25 1 0
github.com/careyjames/dns-scout/dns_information/spf_info.go:19.25,21.4 1 0
github.com/careyjames/dns-scout/dns_information/spf_info.go:21.9,21.41 1 0
github.com/careyjames/dns-scout/dns_information/spf_info.go:21.41,23.4 1 0
github.com/careyjames/dns-scout/dns_information/spf_info.go:25.2,25.32 1 0
github.com/careyjames/dns-scout/dns_information/spf_info.go:29.33,34.18 4 0
github.com/careyjames/dns-scout/dns_information/spf_info.go:34.18,36.3 1 0
github.com/careyjames/dns-scout/dns_information/spf_info.go:36.8,37.15 1 0
github.com/careyjames/dns-scout/dns_information/spf_info.go:37.15,40.4 2 0
github.com/careyjames/dns-scout/dns_information/spf_info.go:40.9,43.4 2 0
github.com/careyjames/dns-scout/dns_information/spf_info.go:47.47,51.24 2 1
github.com/careyjames/dns-scout/dns_information/spf_info.go:51.24,53.3 1 1
github.com/careyjames/dns-scout/dns_information/spf_info.go:56.2,56.148 1 1
github.com/careyjames/dns-scout/dns_information/spf_info.go:56.148,59.3 2 0
github.com/careyjames/dns-scout/dns_information/spf_info.go:62.2,62.72 1 1
github.com/careyjames/dns-scout/dns_information/spf_info.go:65.50,66.38 1 1
github.com/careyjames/dns-scout/dns_information/spf_info.go:66.38,68.3 1 1
github.com/careyjames/dns-scout/dns_information/spf_info.go:68.8,68.45 1 0
github.com/careyjames/dns-scout/dns_information/spf_info.go:68.45,70.3 1 0
github.com/careyjames/dns-scout/dns_information/spf_info.go:71.2,71.15 1 1
github.com/careyjames/dns-scout/dns_information/spf_info.go:74.44,76.22 2 0
github.com/careyjames/dns-scout/dns_information/spf_info.go:76.22,77.34 1 0
github.com/careyjames/dns-scout/dns_information/spf_info.go:77.34,78.56 1 0
github.com/careyjames/dns-scout/dns_information/spf_info.go:78.56,80.5 1 0
github.com/careyjames/dns-scout/dns_information/spf_info.go:83.2,83.17 1 0
github.com/careyjames/dns-scout/dns_information/spf_info.go:87.37,89.2 1 1
github.com/careyjames/dns-scout/dns_information/spf_info.go:92.46,94.2 1 0
github.com/careyjames/dns-scout/dns_information/spf_info.go:97.39,99.2 1 1
